<?xml version="1.0" encoding="UTF-8"?>
<!-- Generated by org.testng.reporters.JUnitXMLReporter -->
<testsuite ignored="0" hostname="LIN-PG02LVKM" failures="0" tests="4" name="Test" time="75.229" errors="0" timestamp="2025-09-09T11:57:38 IST">
  <testcase classname="testcases.TC_001_LoginPage" name="logipage" time="1.99"/>
  <testcase classname="testcases.TC_001_LoginPage" name="logipage" time="1.982"/>
  <testcase classname="testcases.TC_003_CreateLead" name="cretaelead" time="28.428"/>
  <testcase classname="testcases.TC_003_CreateLead" name="cretaelead" time="12.084"/>
</testsuite> <!-- Test -->
